Determining if the pthread_create exist failed with the following output:
Change Dir: /home/marcoantoniobustamante/Desktop/COMP362/MarcoBustamanteLab04/matrixMult/build/CMakeFiles/CMakeTmp

Run Build Command:"/usr/bin/make" "cmTC_b95f0/fast"
/usr/bin/make -f CMakeFiles/cmTC_b95f0.dir/build.make CMakeFiles/cmTC_b95f0.dir/build
make[1]: Entering directory '/home/marcoantoniobustamante/Desktop/COMP362/MarcoBustamanteLab04/matrixMult/build/CMakeFiles/CMakeTmp'
Building C object CMakeFiles/cmTC_b95f0.dir/CheckSymbolExists.c.o
/usr/bin/cc   -std=c99    -o CMakeFiles/cmTC_b95f0.dir/CheckSymbolExists.c.o   -c /home/marcoantoniobustamante/Desktop/COMP362/MarcoBustamanteLab04/matrixMult/build/CMakeFiles/CMakeTmp/CheckSymbolExists.c
Linking C executable cmTC_b95f0
/usr/bin/cmake -E cmake_link_script CMakeFiles/cmTC_b95f0.dir/link.txt --verbose=1
/usr/bin/cc -std=c99     -rdynamic CMakeFiles/cmTC_b95f0.dir/CheckSymbolExists.c.o  -o cmTC_b95f0 
CMakeFiles/cmTC_b95f0.dir/CheckSymbolExists.c.o: In function `main':
CheckSymbolExists.c:(.text+0x1b): undefined reference to `pthread_create'
collect2: error: ld returned 1 exit status
CMakeFiles/cmTC_b95f0.dir/build.make:97: recipe for target 'cmTC_b95f0' failed
make[1]: *** [cmTC_b95f0] Error 1
make[1]: Leaving directory '/home/marcoantoniobustamante/Desktop/COMP362/MarcoBustamanteLab04/matrixMult/build/CMakeFiles/CMakeTmp'
Makefile:126: recipe for target 'cmTC_b95f0/fast' failed
make: *** [cmTC_b95f0/fast] Error 2

File /home/marcoantoniobustamante/Desktop/COMP362/MarcoBustamanteLab04/matrixMult/build/CMakeFiles/CMakeTmp/CheckSymbolExists.c:
/* */
#include <pthread.h>

int main(int argc, char** argv)
{
  (void)argv;
#ifndef pthread_create
  return ((int*)(&pthread_create))[argc];
#else
  (void)argc;
  return 0;
#endif
}

Determining if the function pthread_create exists in the pthreads failed with the following output:
Change Dir: /home/marcoantoniobustamante/Desktop/COMP362/MarcoBustamanteLab04/matrixMult/build/CMakeFiles/CMakeTmp

Run Build Command:"/usr/bin/make" "cmTC_e7ea5/fast"
/usr/bin/make -f CMakeFiles/cmTC_e7ea5.dir/build.make CMakeFiles/cmTC_e7ea5.dir/build
make[1]: Entering directory '/home/marcoantoniobustamante/Desktop/COMP362/MarcoBustamanteLab04/matrixMult/build/CMakeFiles/CMakeTmp'
Building C object CMakeFiles/cmTC_e7ea5.dir/CheckFunctionExists.c.o
/usr/bin/cc   -std=c99 -DCHECK_FUNCTION_EXISTS=pthread_create   -o CMakeFiles/cmTC_e7ea5.dir/CheckFunctionExists.c.o   -c /usr/share/cmake-3.10/Modules/CheckFunctionExists.c
Linking C executable cmTC_e7ea5
/usr/bin/cmake -E cmake_link_script CMakeFiles/cmTC_e7ea5.dir/link.txt --verbose=1
/usr/bin/cc -std=c99 -DCHECK_FUNCTION_EXISTS=pthread_create    -rdynamic CMakeFiles/cmTC_e7ea5.dir/CheckFunctionExists.c.o  -o cmTC_e7ea5 -lpthreads 
/usr/bin/x86_64-linux-gnu-ld: cannot find -lpthreads
collect2: error: ld returned 1 exit status
CMakeFiles/cmTC_e7ea5.dir/build.make:97: recipe for target 'cmTC_e7ea5' failed
make[1]: *** [cmTC_e7ea5] Error 1
make[1]: Leaving directory '/home/marcoantoniobustamante/Desktop/COMP362/MarcoBustamanteLab04/matrixMult/build/CMakeFiles/CMakeTmp'
Makefile:126: recipe for target 'cmTC_e7ea5/fast' failed
make: *** [cmTC_e7ea5/fast] Error 2


